<?xml version="1.0" encoding="UTF-8"?>
<!-- Generated by org.testng.reporters.JUnitXMLReporter -->
<testsuite ignored="3" hostname="URSVCORL5CG1" failures="0" tests="1" name="Default test" time="27.717" errors="0" timestamp="2023-11-26T20:45:29 CST">
  <testcase classname="assertionsExample.TestNGAssertionsExample" name="testLCOEndSessionUser" time="23.832"/>
  <testcase classname="assertionsExample.TestNGAssertionsExample" name="testLCOCrearCuenta" time="0.0">
    <ignored/>
  </testcase> <!-- testLCOCrearCuenta -->
  <testcase classname="assertionsExample.TestNGAssertionsExample" name="testLCOTitle" time="0.0">
    <ignored/>
  </testcase> <!-- testLCOTitle -->
  <testcase classname="assertionsExample.TestNGAssertionsExample" name="testLCOLogin" time="0.0">
    <ignored/>
  </testcase> <!-- testLCOLogin -->
</testsuite> <!-- Default test -->
