<?xml version="1.0" encoding="UTF-8"?>
<testng-results ignored="0" total="1" passed="1" failed="0" skipped="0">
  <reporter-output>
  </reporter-output>
  <suite started-at="2023-11-26T20:45:01 CST" name="Default suite" finished-at="2023-11-26T20:45:29 CST" duration-ms="27717">
    <groups>
    </groups>
    <test started-at="2023-11-26T20:45:01 CST" name="Default test" finished-at="2023-11-26T20:45:29 CST" duration-ms="27717">
      <class name="assertionsExample.TestNGAssertionsExample">
        <test-method is-config="true" signature="setup()[pri:0, instance:assertionsExample.TestNGAssertionsExample@7d900ecf]" started-at="2023-11-26T20:45:01 CST" name="setup" finished-at="2023-11-26T20:45:04 CST" duration-ms="2848" status="PASS">
          <reporter-output>
          </reporter-output>
        </test-method> <!-- setup -->
        <test-method signature="testLCOEndSessionUser()[pri:0, instance:assertionsExample.TestNGAssertionsExample@7d900ecf]" started-at="2023-11-26T20:45:04 CST" name="testLCOEndSessionUser" description="Cierre de la sesion activa del cliente" finished-at="2023-11-26T20:45:28 CST" duration-ms="23832" status="PASS">
          <reporter-output>
          </reporter-output>
        </test-method> <!-- testLCOEndSessionUser -->
        <test-method is-config="true" signature="teardown1()[pri:0, instance:assertionsExample.TestNGAssertionsExample@7d900ecf]" started-at="2023-11-26T20:45:28 CST" name="teardown1" finished-at="2023-11-26T20:45:29 CST" duration-ms="930" status="PASS">
          <reporter-output>
          </reporter-output>
        </test-method> <!-- teardown1 -->
        <test-method is-config="true" signature="teardown2()[pri:0, instance:assertionsExample.TestNGAssertionsExample@7d900ecf]" started-at="2023-11-26T20:45:29 CST" name="teardown2" finished-at="2023-11-26T20:45:29 CST" duration-ms="1" status="PASS">
          <reporter-output>
          </reporter-output>
        </test-method> <!-- teardown2 -->
        <test-method is-config="true" signature="teardown3()[pri:0, instance:assertionsExample.TestNGAssertionsExample@7d900ecf]" started-at="2023-11-26T20:45:29 CST" name="teardown3" finished-at="2023-11-26T20:45:29 CST" duration-ms="1" status="PASS">
          <reporter-output>
          </reporter-output>
        </test-method> <!-- teardown3 -->
        <test-method is-config="true" signature="teardown4()[pri:0, instance:assertionsExample.TestNGAssertionsExample@7d900ecf]" started-at="2023-11-26T20:45:29 CST" name="teardown4" finished-at="2023-11-26T20:45:29 CST" duration-ms="1" status="PASS">
          <reporter-output>
          </reporter-output>
        </test-method> <!-- teardown4 -->
      </class> <!-- assertionsExample.TestNGAssertionsExample -->
    </test> <!-- Default test -->
  </suite> <!-- Default suite -->
</testng-results>
